# JRE version: Java(TM) SE Runtime Environment (11.0.6+8) (build 11.0.6+8-LTS)
# Java VM: Java HotSpot(TM) 64-Bit Server VM (11.0.6+8-LTS, mixed mode, tiered, compressed oops, g1 gc, windows-amd64)
Heap:
 garbage-first heap   total 131072K, used 66340K [0x0000000081c00000, 0x0000000100000000)
  region size 1024K, 56 young (57344K), 6 survivors (6144K)
 Metaspace       used 39774K, capacity 40752K, committed 41084K, reserved 1085440K
  class space    used 4509K, capacity 4954K, committed 5068K, reserved 1048576K
GC Heap History (10 events):
Event: 3.087 GC heap before
{Heap before GC invocations=2 (full 0):
 garbage-first heap   total 131072K, used 32727K [0x0000000081c00000, 0x0000000100000000)
  region size 1024K, 24 young (24576K), 1 survivors (1024K)
 Metaspace       used 17796K, capacity 18258K, committed 18432K, reserved 1064960K
  class space    used 1745K, capacity 1941K, committed 2048K, reserved 1048576K
}
Event: 3.092 GC heap after
{Heap after GC invocations=3 (full 0):
 garbage-first heap   total 131072K, used 10904K [0x0000000081c00000, 0x0000000100000000)
  region size 1024K, 3 young (3072K), 3 survivors (3072K)
 Metaspace       used 17796K, capacity 18258K, committed 18432K, reserved 1064960K
  class space    used 1745K, capacity 1941K, committed 2048K, reserved 1048576K
}
Event: 3.433 GC heap before
{Heap before GC invocations=3 (full 0):
 garbage-first heap   total 131072K, used 15000K [0x0000000081c00000, 0x0000000100000000)
  region size 1024K, 8 young (8192K), 3 survivors (3072K)
 Metaspace       used 20718K, capacity 21207K, committed 21296K, reserved 1069056K
  class space    used 2221K, capacity 2430K, committed 2432K, reserved 1048576K
}
Event: 3.444 GC heap after
{Heap after GC invocations=4 (full 0):
 garbage-first heap   total 131072K, used 11343K [0x0000000081c00000, 0x0000000100000000)
  region size 1024K, 3 young (3072K), 3 survivors (3072K)
 Metaspace       used 20718K, capacity 21207K, committed 21296K, reserved 1069056K
  class space    used 2221K, capacity 2430K, committed 2432K, reserved 1048576K
}
Event: 6.471 GC heap before
{Heap before GC invocations=5 (full 0):
 garbage-first heap   total 131072K, used 73807K [0x0000000081c00000, 0x0000000100000000)
  region size 1024K, 64 young (65536K), 3 survivors (3072K)
 Metaspace       used 26932K, capacity 27502K, committed 27772K, reserved 1073152K
  class space    used 2966K, capacity 3231K, committed 3276K, reserved 1048576K
}
Event: 6.478 GC heap after
{Heap after GC invocations=6 (full 0):
 garbage-first heap   total 131072K, used 12293K [0x0000000081c00000, 0x0000000100000000)
  region size 1024K, 4 young (4096K), 4 survivors (4096K)
 Metaspace       used 26932K, capacity 27502K, committed 27772K, reserved 1073152K
  class space    used 2966K, capacity 3231K, committed 3276K, reserved 1048576K
}
Event: 10.519 GC heap before
{Heap before GC invocations=6 (full 0):
 garbage-first heap   total 131072K, used 83973K [0x0000000081c00000, 0x0000000100000000)
  region size 1024K, 71 young (72704K), 4 survivors (4096K)
 Metaspace       used 33707K, capacity 34458K, committed 34812K, reserved 1079296K
  class space    used 3718K, capacity 4042K, committed 4172K, reserved 1048576K
}
Event: 10.531 GC heap after
{Heap after GC invocations=7 (full 0):
 garbage-first heap   total 131072K, used 16720K [0x0000000081c00000, 0x0000000100000000)
  region size 1024K, 8 young (8192K), 8 survivors (8192K)
 Metaspace       used 33707K, capacity 34458K, committed 34812K, reserved 1079296K
  class space    used 3718K, capacity 4042K, committed 4172K, reserved 1048576K
}
Event: 10.917 GC heap before
{Heap before GC invocations=7 (full 0):
 garbage-first heap   total 131072K, used 31056K [0x0000000081c00000, 0x0000000100000000)
  region size 1024K, 23 young (23552K), 8 survivors (8192K)
 Metaspace       used 35177K, capacity 35861K, committed 35964K, reserved 1081344K
  class space    used 3903K, capacity 4210K, committed 4300K, reserved 1048576K
}
Event: 10.930 GC heap after
{Heap after GC invocations=8 (full 0):
 garbage-first heap   total 131072K, used 17188K [0x0000000081c00000, 0x0000000100000000)
  region size 1024K, 6 young (6144K), 6 survivors (6144K)
 Metaspace       used 35177K, capacity 35861K, committed 35964K, reserved 1081344K
  class space    used 3903K, capacity 4210K, committed 4300K, reserved 1048576K
}

